<?xml version="1.0" encoding="utf-8"?><testsuites><testsuite name="pytest" errors="0" failures="17" skipped="0" tests="30" time="110.656" timestamp="2026-08-09T00:23:36.574302+01:00" hostname="kelz"><testcase classname="tests.test_firewall_counters" name="test_nftables_loaded" time="0.078"><failure message="AssertionError: segmentation table missing&#10;assert 'segmentation' in 'table ip nat {\n\tchain DOCKER_OUTPUT {\n\t\tip daddr 127.0.0.11 tcp dport 53 counter packets 0 bytes 0 xt target &quot;DNAT&quot;\n\t\tip daddr 127.0.0.11 udp dport 53 counter packets 0 bytes 0 xt target &quot;DNAT&quot;\n\t}\n\n\tchain OUTPUT {\n\t\ttype nat hook output priority dstnat; policy accept;\n\t\tip daddr 127.0.0.11 counter packets 0 bytes 0 jump DOCKER_OUTPUT\n\t}\n\n\tchain DOCKER_POSTROUTING {\n\t\tip saddr 127.0.0.11 tcp sport 46641 counter packets 0 bytes 0 xt target &quot;SNAT&quot;\n\t\tip saddr 127.0.0.11 udp sport 39167 counter packets 0 bytes 0 xt target &quot;SNAT&quot;\n\t}\n\n\tchain POSTROUTING {\n\t\ttype nat hook postrouting priority srcnat; policy accept;\n\t\tip daddr 127.0.0.11 counter packets 0 bytes 0 jump DOCKER_POSTROUTING\n\t}\n}\n'&#10; +  where 'table ip nat {\n\tchain DOCKER_OUTPUT {\n\t\tip daddr 127.0.0.11 tcp dport 53 counter packets 0 bytes 0 xt target &quot;DNAT&quot;\n\t\tip daddr 127.0.0.11 udp dport 53 counter packets 0 bytes 0 xt target &quot;DNAT&quot;\n\t}\n\n\tchain OUTPUT {\n\t\ttype nat hook output priority dstnat; policy accept;\n\t\tip daddr 127.0.0.11 counter packets 0 bytes 0 jump DOCKER_OUTPUT\n\t}\n\n\tchain DOCKER_POSTROUTING {\n\t\tip saddr 127.0.0.11 tcp sport 46641 counter packets 0 bytes 0 xt target &quot;SNAT&quot;\n\t\tip saddr 127.0.0.11 udp sport 39167 counter packets 0 bytes 0 xt target &quot;SNAT&quot;\n\t}\n\n\tchain POSTROUTING {\n\t\ttype nat hook postrouting priority srcnat; policy accept;\n\t\tip daddr 127.0.0.11 counter packets 0 bytes 0 jump DOCKER_POSTROUTING\n\t}\n}\n' = CompletedProcess(args=['docker', 'exec', 'clab-soc-a3-d81-gateway', 'sh', '-c', 'nft list ruleset'], returncode=0, stdout='table ip nat {\n\tchain DOCKER_OUTPUT {\n\t\tip daddr 127.0.0.11 tcp dport 53 counter packets 0 bytes 0 xt target &quot;DNAT&quot;\n\t\tip daddr 127.0.0.11 udp dport 53 counter packets 0 bytes 0 xt target &quot;DNAT&quot;\n\t}\n\n\tchain OUTPUT {\n\t\ttype nat hook output priority dstnat; policy accept;\n\t\tip daddr 127.0.0.11 counter packets 0 bytes 0 jump DOCKER_OUTPUT\n\t}\n\n\tchain DOCKER_POSTROUTING {\n\t\tip saddr 127.0.0.11 tcp sport 46641 counter packets 0 bytes 0 xt target &quot;SNAT&quot;\n\t\tip saddr 127.0.0.11 udp sport 39167 counter packets 0 bytes 0 xt target &quot;SNAT&quot;\n\t}\n\n\tchain POSTROUTING {\n\t\ttype nat hook postrouting priority srcnat; policy accept;\n\t\tip daddr 127.0.0.11 counter packets 0 bytes 0 jump DOCKER_POSTROUTING\n\t}\n}\n', stderr='# Warning: table ip nat is managed by iptables-nft, do not touch!\n').stdout">def test_nftables_loaded():
        """Verify the nftables ruleset is loaded and active."""
        r = docker_exec(GATEWAY, "nft list ruleset", timeout=10)
        assert r.returncode == 0, "nftables ruleset not loaded"
&gt;       assert "segmentation" in r.stdout, "segmentation table missing"
E       AssertionError: segmentation table missing
E       assert 'segmentation' in 'table ip nat {\n\tchain DOCKER_OUTPUT {\n\t\tip daddr 127.0.0.11 tcp dport 53 counter packets 0 bytes 0 xt target "DNAT"\n\t\tip daddr 127.0.0.11 udp dport 53 counter packets 0 bytes 0 xt target "DNAT"\n\t}\n\n\tchain OUTPUT {\n\t\ttype nat hook output priority dstnat; policy accept;\n\t\tip daddr 127.0.0.11 counter packets 0 bytes 0 jump DOCKER_OUTPUT\n\t}\n\n\tchain DOCKER_POSTROUTING {\n\t\tip saddr 127.0.0.11 tcp sport 46641 counter packets 0 bytes 0 xt target "SNAT"\n\t\tip saddr 127.0.0.11 udp sport 39167 counter packets 0 bytes 0 xt target "SNAT"\n\t}\n\n\tchain POSTROUTING {\n\t\ttype nat hook postrouting priority srcnat; policy accept;\n\t\tip daddr 127.0.0.11 counter packets 0 bytes 0 jump DOCKER_POSTROUTING\n\t}\n}\n'
E        +  where 'table ip nat {\n\tchain DOCKER_OUTPUT {\n\t\tip daddr 127.0.0.11 tcp dport 53 counter packets 0 bytes 0 xt target "DNAT"\n\t\tip daddr 127.0.0.11 udp dport 53 counter packets 0 bytes 0 xt target "DNAT"\n\t}\n\n\tchain OUTPUT {\n\t\ttype nat hook output priority dstnat; policy accept;\n\t\tip daddr 127.0.0.11 counter packets 0 bytes 0 jump DOCKER_OUTPUT\n\t}\n\n\tchain DOCKER_POSTROUTING {\n\t\tip saddr 127.0.0.11 tcp sport 46641 counter packets 0 bytes 0 xt target "SNAT"\n\t\tip saddr 127.0.0.11 udp sport 39167 counter packets 0 bytes 0 xt target "SNAT"\n\t}\n\n\tchain POSTROUTING {\n\t\ttype nat hook postrouting priority srcnat; policy accept;\n\t\tip daddr 127.0.0.11 counter packets 0 bytes 0 jump DOCKER_POSTROUTING\n\t}\n}\n' = CompletedProcess(args=['docker', 'exec', 'clab-soc-a3-d81-gateway', 'sh', '-c', 'nft list ruleset'], returncode=0, stdout='table ip nat {\n\tchain DOCKER_OUTPUT {\n\t\tip daddr 127.0.0.11 tcp dport 53 counter packets 0 bytes 0 xt target "DNAT"\n\t\tip daddr 127.0.0.11 udp dport 53 counter packets 0 bytes 0 xt target "DNAT"\n\t}\n\n\tchain OUTPUT {\n\t\ttype nat hook output priority dstnat; policy accept;\n\t\tip daddr 127.0.0.11 counter packets 0 bytes 0 jump DOCKER_OUTPUT\n\t}\n\n\tchain DOCKER_POSTROUTING {\n\t\tip saddr 127.0.0.11 tcp sport 46641 counter packets 0 bytes 0 xt target "SNAT"\n\t\tip saddr 127.0.0.11 udp sport 39167 counter packets 0 bytes 0 xt target "SNAT"\n\t}\n\n\tchain POSTROUTING {\n\t\ttype nat hook postrouting priority srcnat; policy accept;\n\t\tip daddr 127.0.0.11 counter packets 0 bytes 0 jump DOCKER_POSTROUTING\n\t}\n}\n', stderr='# Warning: table ip nat is managed by iptables-nft, do not touch!\n').stdout

tests/test_firewall_counters.py:34: AssertionError</failure></testcase><testcase classname="tests.test_firewall_counters" name="test_anti_spoof_rules_present" time="0.079"><failure message="AssertionError: Anti-spoof rules missing&#10;assert 'NF_SPOOF_DENY' in 'table ip nat {\n\tchain DOCKER_OUTPUT {\n\t\tip daddr 127.0.0.11 tcp dport 53 counter packets 0 bytes 0 xt target &quot;DNAT&quot;\n\t\tip daddr 127.0.0.11 udp dport 53 counter packets 0 bytes 0 xt target &quot;DNAT&quot;\n\t}\n\n\tchain OUTPUT {\n\t\ttype nat hook output priority dstnat; policy accept;\n\t\tip daddr 127.0.0.11 counter packets 0 bytes 0 jump DOCKER_OUTPUT\n\t}\n\n\tchain DOCKER_POSTROUTING {\n\t\tip saddr 127.0.0.11 tcp sport 46641 counter packets 0 bytes 0 xt target &quot;SNAT&quot;\n\t\tip saddr 127.0.0.11 udp sport 39167 counter packets 0 bytes 0 xt target &quot;SNAT&quot;\n\t}\n\n\tchain POSTROUTING {\n\t\ttype nat hook postrouting priority srcnat; policy accept;\n\t\tip daddr 127.0.0.11 counter packets 0 bytes 0 jump DOCKER_POSTROUTING\n\t}\n}\n'&#10; +  where 'table ip nat {\n\tchain DOCKER_OUTPUT {\n\t\tip daddr 127.0.0.11 tcp dport 53 counter packets 0 bytes 0 xt target &quot;DNAT&quot;\n\t\tip daddr 127.0.0.11 udp dport 53 counter packets 0 bytes 0 xt target &quot;DNAT&quot;\n\t}\n\n\tchain OUTPUT {\n\t\ttype nat hook output priority dstnat; policy accept;\n\t\tip daddr 127.0.0.11 counter packets 0 bytes 0 jump DOCKER_OUTPUT\n\t}\n\n\tchain DOCKER_POSTROUTING {\n\t\tip saddr 127.0.0.11 tcp sport 46641 counter packets 0 bytes 0 xt target &quot;SNAT&quot;\n\t\tip saddr 127.0.0.11 udp sport 39167 counter packets 0 bytes 0 xt target &quot;SNAT&quot;\n\t}\n\n\tchain POSTROUTING {\n\t\ttype nat hook postrouting priority srcnat; policy accept;\n\t\tip daddr 127.0.0.11 counter packets 0 bytes 0 jump DOCKER_POSTROUTING\n\t}\n}\n' = CompletedProcess(args=['docker', 'exec', 'clab-soc-a3-d81-gateway', 'sh', '-c', 'nft list ruleset'], returncode=0, stdout='table ip nat {\n\tchain DOCKER_OUTPUT {\n\t\tip daddr 127.0.0.11 tcp dport 53 counter packets 0 bytes 0 xt target &quot;DNAT&quot;\n\t\tip daddr 127.0.0.11 udp dport 53 counter packets 0 bytes 0 xt target &quot;DNAT&quot;\n\t}\n\n\tchain OUTPUT {\n\t\ttype nat hook output priority dstnat; policy accept;\n\t\tip daddr 127.0.0.11 counter packets 0 bytes 0 jump DOCKER_OUTPUT\n\t}\n\n\tchain DOCKER_POSTROUTING {\n\t\tip saddr 127.0.0.11 tcp sport 46641 counter packets 0 bytes 0 xt target &quot;SNAT&quot;\n\t\tip saddr 127.0.0.11 udp sport 39167 counter packets 0 bytes 0 xt target &quot;SNAT&quot;\n\t}\n\n\tchain POSTROUTING {\n\t\ttype nat hook postrouting priority srcnat; policy accept;\n\t\tip daddr 127.0.0.11 counter packets 0 bytes 0 jump DOCKER_POSTROUTING\n\t}\n}\n', stderr='# Warning: table ip nat is managed by iptables-nft, do not touch!\n').stdout">def test_anti_spoof_rules_present():
        """Verify anti-spoof ingress filtering exists on all zone interfaces."""
        r = docker_exec(GATEWAY, "nft list ruleset", timeout=10)
&gt;       assert "NF_SPOOF_DENY" in r.stdout, "Anti-spoof rules missing"
E       AssertionError: Anti-spoof rules missing
E       assert 'NF_SPOOF_DENY' in 'table ip nat {\n\tchain DOCKER_OUTPUT {\n\t\tip daddr 127.0.0.11 tcp dport 53 counter packets 0 bytes 0 xt target "DNAT"\n\t\tip daddr 127.0.0.11 udp dport 53 counter packets 0 bytes 0 xt target "DNAT"\n\t}\n\n\tchain OUTPUT {\n\t\ttype nat hook output priority dstnat; policy accept;\n\t\tip daddr 127.0.0.11 counter packets 0 bytes 0 jump DOCKER_OUTPUT\n\t}\n\n\tchain DOCKER_POSTROUTING {\n\t\tip saddr 127.0.0.11 tcp sport 46641 counter packets 0 bytes 0 xt target "SNAT"\n\t\tip saddr 127.0.0.11 udp sport 39167 counter packets 0 bytes 0 xt target "SNAT"\n\t}\n\n\tchain POSTROUTING {\n\t\ttype nat hook postrouting priority srcnat; policy accept;\n\t\tip daddr 127.0.0.11 counter packets 0 bytes 0 jump DOCKER_POSTROUTING\n\t}\n}\n'
E        +  where 'table ip nat {\n\tchain DOCKER_OUTPUT {\n\t\tip daddr 127.0.0.11 tcp dport 53 counter packets 0 bytes 0 xt target "DNAT"\n\t\tip daddr 127.0.0.11 udp dport 53 counter packets 0 bytes 0 xt target "DNAT"\n\t}\n\n\tchain OUTPUT {\n\t\ttype nat hook output priority dstnat; policy accept;\n\t\tip daddr 127.0.0.11 counter packets 0 bytes 0 jump DOCKER_OUTPUT\n\t}\n\n\tchain DOCKER_POSTROUTING {\n\t\tip saddr 127.0.0.11 tcp sport 46641 counter packets 0 bytes 0 xt target "SNAT"\n\t\tip saddr 127.0.0.11 udp sport 39167 counter packets 0 bytes 0 xt target "SNAT"\n\t}\n\n\tchain POSTROUTING {\n\t\ttype nat hook postrouting priority srcnat; policy accept;\n\t\tip daddr 127.0.0.11 counter packets 0 bytes 0 jump DOCKER_POSTROUTING\n\t}\n}\n' = CompletedProcess(args=['docker', 'exec', 'clab-soc-a3-d81-gateway', 'sh', '-c', 'nft list ruleset'], returncode=0, stdout='table ip nat {\n\tchain DOCKER_OUTPUT {\n\t\tip daddr 127.0.0.11 tcp dport 53 counter packets 0 bytes 0 xt target "DNAT"\n\t\tip daddr 127.0.0.11 udp dport 53 counter packets 0 bytes 0 xt target "DNAT"\n\t}\n\n\tchain OUTPUT {\n\t\ttype nat hook output priority dstnat; policy accept;\n\t\tip daddr 127.0.0.11 counter packets 0 bytes 0 jump DOCKER_OUTPUT\n\t}\n\n\tchain DOCKER_POSTROUTING {\n\t\tip saddr 127.0.0.11 tcp sport 46641 counter packets 0 bytes 0 xt target "SNAT"\n\t\tip saddr 127.0.0.11 udp sport 39167 counter packets 0 bytes 0 xt target "SNAT"\n\t}\n\n\tchain POSTROUTING {\n\t\ttype nat hook postrouting priority srcnat; policy accept;\n\t\tip daddr 127.0.0.11 counter packets 0 bytes 0 jump DOCKER_POSTROUTING\n\t}\n}\n', stderr='# Warning: table ip nat is managed by iptables-nft, do not touch!\n').stdout

tests/test_firewall_counters.py:40: AssertionError</failure></testcase><testcase classname="tests.test_firewall_counters" name="test_sensor_isolation_rules_present" time="0.091"><failure message="AssertionError: Sensor isolation rules missing&#10;assert 'NF_SENSOR_ISOLATION_DENY' in 'table ip nat {\n\tchain DOCKER_OUTPUT {\n\t\tip daddr 127.0.0.11 tcp dport 53 counter packets 0 bytes 0 xt target &quot;DNAT&quot;\n\t\tip daddr 127.0.0.11 udp dport 53 counter packets 0 bytes 0 xt target &quot;DNAT&quot;\n\t}\n\n\tchain OUTPUT {\n\t\ttype nat hook output priority dstnat; policy accept;\n\t\tip daddr 127.0.0.11 counter packets 0 bytes 0 jump DOCKER_OUTPUT\n\t}\n\n\tchain DOCKER_POSTROUTING {\n\t\tip saddr 127.0.0.11 tcp sport 46641 counter packets 0 bytes 0 xt target &quot;SNAT&quot;\n\t\tip saddr 127.0.0.11 udp sport 39167 counter packets 0 bytes 0 xt target &quot;SNAT&quot;\n\t}\n\n\tchain POSTROUTING {\n\t\ttype nat hook postrouting priority srcnat; policy accept;\n\t\tip daddr 127.0.0.11 counter packets 0 bytes 0 jump DOCKER_POSTROUTING\n\t}\n}\n'&#10; +  where 'table ip nat {\n\tchain DOCKER_OUTPUT {\n\t\tip daddr 127.0.0.11 tcp dport 53 counter packets 0 bytes 0 xt target &quot;DNAT&quot;\n\t\tip daddr 127.0.0.11 udp dport 53 counter packets 0 bytes 0 xt target &quot;DNAT&quot;\n\t}\n\n\tchain OUTPUT {\n\t\ttype nat hook output priority dstnat; policy accept;\n\t\tip daddr 127.0.0.11 counter packets 0 bytes 0 jump DOCKER_OUTPUT\n\t}\n\n\tchain DOCKER_POSTROUTING {\n\t\tip saddr 127.0.0.11 tcp sport 46641 counter packets 0 bytes 0 xt target &quot;SNAT&quot;\n\t\tip saddr 127.0.0.11 udp sport 39167 counter packets 0 bytes 0 xt target &quot;SNAT&quot;\n\t}\n\n\tchain POSTROUTING {\n\t\ttype nat hook postrouting priority srcnat; policy accept;\n\t\tip daddr 127.0.0.11 counter packets 0 bytes 0 jump DOCKER_POSTROUTING\n\t}\n}\n' = CompletedProcess(args=['docker', 'exec', 'clab-soc-a3-d81-gateway', 'sh', '-c', 'nft list ruleset'], returncode=0, stdout='table ip nat {\n\tchain DOCKER_OUTPUT {\n\t\tip daddr 127.0.0.11 tcp dport 53 counter packets 0 bytes 0 xt target &quot;DNAT&quot;\n\t\tip daddr 127.0.0.11 udp dport 53 counter packets 0 bytes 0 xt target &quot;DNAT&quot;\n\t}\n\n\tchain OUTPUT {\n\t\ttype nat hook output priority dstnat; policy accept;\n\t\tip daddr 127.0.0.11 counter packets 0 bytes 0 jump DOCKER_OUTPUT\n\t}\n\n\tchain DOCKER_POSTROUTING {\n\t\tip saddr 127.0.0.11 tcp sport 46641 counter packets 0 bytes 0 xt target &quot;SNAT&quot;\n\t\tip saddr 127.0.0.11 udp sport 39167 counter packets 0 bytes 0 xt target &quot;SNAT&quot;\n\t}\n\n\tchain POSTROUTING {\n\t\ttype nat hook postrouting priority srcnat; policy accept;\n\t\tip daddr 127.0.0.11 counter packets 0 bytes 0 jump DOCKER_POSTROUTING\n\t}\n}\n', stderr='# Warning: table ip nat is managed by iptables-nft, do not touch!\n').stdout">def test_sensor_isolation_rules_present():
        """Verify sensor isolation deny rules exist."""
        r = docker_exec(GATEWAY, "nft list ruleset", timeout=10)
&gt;       assert "NF_SENSOR_ISOLATION_DENY" in r.stdout, "Sensor isolation rules missing"
E       AssertionError: Sensor isolation rules missing
E       assert 'NF_SENSOR_ISOLATION_DENY' in 'table ip nat {\n\tchain DOCKER_OUTPUT {\n\t\tip daddr 127.0.0.11 tcp dport 53 counter packets 0 bytes 0 xt target "DNAT"\n\t\tip daddr 127.0.0.11 udp dport 53 counter packets 0 bytes 0 xt target "DNAT"\n\t}\n\n\tchain OUTPUT {\n\t\ttype nat hook output priority dstnat; policy accept;\n\t\tip daddr 127.0.0.11 counter packets 0 bytes 0 jump DOCKER_OUTPUT\n\t}\n\n\tchain DOCKER_POSTROUTING {\n\t\tip saddr 127.0.0.11 tcp sport 46641 counter packets 0 bytes 0 xt target "SNAT"\n\t\tip saddr 127.0.0.11 udp sport 39167 counter packets 0 bytes 0 xt target "SNAT"\n\t}\n\n\tchain POSTROUTING {\n\t\ttype nat hook postrouting priority srcnat; policy accept;\n\t\tip daddr 127.0.0.11 counter packets 0 bytes 0 jump DOCKER_POSTROUTING\n\t}\n}\n'
E        +  where 'table ip nat {\n\tchain DOCKER_OUTPUT {\n\t\tip daddr 127.0.0.11 tcp dport 53 counter packets 0 bytes 0 xt target "DNAT"\n\t\tip daddr 127.0.0.11 udp dport 53 counter packets 0 bytes 0 xt target "DNAT"\n\t}\n\n\tchain OUTPUT {\n\t\ttype nat hook output priority dstnat; policy accept;\n\t\tip daddr 127.0.0.11 counter packets 0 bytes 0 jump DOCKER_OUTPUT\n\t}\n\n\tchain DOCKER_POSTROUTING {\n\t\tip saddr 127.0.0.11 tcp sport 46641 counter packets 0 bytes 0 xt target "SNAT"\n\t\tip saddr 127.0.0.11 udp sport 39167 counter packets 0 bytes 0 xt target "SNAT"\n\t}\n\n\tchain POSTROUTING {\n\t\ttype nat hook postrouting priority srcnat; policy accept;\n\t\tip daddr 127.0.0.11 counter packets 0 bytes 0 jump DOCKER_POSTROUTING\n\t}\n}\n' = CompletedProcess(args=['docker', 'exec', 'clab-soc-a3-d81-gateway', 'sh', '-c', 'nft list ruleset'], returncode=0, stdout='table ip nat {\n\tchain DOCKER_OUTPUT {\n\t\tip daddr 127.0.0.11 tcp dport 53 counter packets 0 bytes 0 xt target "DNAT"\n\t\tip daddr 127.0.0.11 udp dport 53 counter packets 0 bytes 0 xt target "DNAT"\n\t}\n\n\tchain OUTPUT {\n\t\ttype nat hook output priority dstnat; policy accept;\n\t\tip daddr 127.0.0.11 counter packets 0 bytes 0 jump DOCKER_OUTPUT\n\t}\n\n\tchain DOCKER_POSTROUTING {\n\t\tip saddr 127.0.0.11 tcp sport 46641 counter packets 0 bytes 0 xt target "SNAT"\n\t\tip saddr 127.0.0.11 udp sport 39167 counter packets 0 bytes 0 xt target "SNAT"\n\t}\n\n\tchain POSTROUTING {\n\t\ttype nat hook postrouting priority srcnat; policy accept;\n\t\tip daddr 127.0.0.11 counter packets 0 bytes 0 jump DOCKER_POSTROUTING\n\t}\n}\n', stderr='# Warning: table ip nat is managed by iptables-nft, do not touch!\n').stdout

tests/test_firewall_counters.py:45: AssertionError</failure></testcase><testcase classname="tests.test_firewall_counters" name="test_per_zone_established_return" time="0.069"><failure message="AssertionError: Per-zone established return rule missing: return-management&#10;assert 'return-management' in 'table ip nat {\n\tchain DOCKER_OUTPUT {\n\t\tip daddr 127.0.0.11 tcp dport 53 counter packets 0 bytes 0 xt target &quot;DNAT&quot;\n\t\tip daddr 127.0.0.11 udp dport 53 counter packets 0 bytes 0 xt target &quot;DNAT&quot;\n\t}\n\n\tchain OUTPUT {\n\t\ttype nat hook output priority dstnat; policy accept;\n\t\tip daddr 127.0.0.11 counter packets 0 bytes 0 jump DOCKER_OUTPUT\n\t}\n\n\tchain DOCKER_POSTROUTING {\n\t\tip saddr 127.0.0.11 tcp sport 46641 counter packets 0 bytes 0 xt target &quot;SNAT&quot;\n\t\tip saddr 127.0.0.11 udp sport 39167 counter packets 0 bytes 0 xt target &quot;SNAT&quot;\n\t}\n\n\tchain POSTROUTING {\n\t\ttype nat hook postrouting priority srcnat; policy accept;\n\t\tip daddr 127.0.0.11 counter packets 0 bytes 0 jump DOCKER_POSTROUTING\n\t}\n}\n'&#10; +  where 'table ip nat {\n\tchain DOCKER_OUTPUT {\n\t\tip daddr 127.0.0.11 tcp dport 53 counter packets 0 bytes 0 xt target &quot;DNAT&quot;\n\t\tip daddr 127.0.0.11 udp dport 53 counter packets 0 bytes 0 xt target &quot;DNAT&quot;\n\t}\n\n\tchain OUTPUT {\n\t\ttype nat hook output priority dstnat; policy accept;\n\t\tip daddr 127.0.0.11 counter packets 0 bytes 0 jump DOCKER_OUTPUT\n\t}\n\n\tchain DOCKER_POSTROUTING {\n\t\tip saddr 127.0.0.11 tcp sport 46641 counter packets 0 bytes 0 xt target &quot;SNAT&quot;\n\t\tip saddr 127.0.0.11 udp sport 39167 counter packets 0 bytes 0 xt target &quot;SNAT&quot;\n\t}\n\n\tchain POSTROUTING {\n\t\ttype nat hook postrouting priority srcnat; policy accept;\n\t\tip daddr 127.0.0.11 counter packets 0 bytes 0 jump DOCKER_POSTROUTING\n\t}\n}\n' = CompletedProcess(args=['docker', 'exec', 'clab-soc-a3-d81-gateway', 'sh', '-c', 'nft list ruleset'], returncode=0, stdout='table ip nat {\n\tchain DOCKER_OUTPUT {\n\t\tip daddr 127.0.0.11 tcp dport 53 counter packets 0 bytes 0 xt target &quot;DNAT&quot;\n\t\tip daddr 127.0.0.11 udp dport 53 counter packets 0 bytes 0 xt target &quot;DNAT&quot;\n\t}\n\n\tchain OUTPUT {\n\t\ttype nat hook output priority dstnat; policy accept;\n\t\tip daddr 127.0.0.11 counter packets 0 bytes 0 jump DOCKER_OUTPUT\n\t}\n\n\tchain DOCKER_POSTROUTING {\n\t\tip saddr 127.0.0.11 tcp sport 46641 counter packets 0 bytes 0 xt target &quot;SNAT&quot;\n\t\tip saddr 127.0.0.11 udp sport 39167 counter packets 0 bytes 0 xt target &quot;SNAT&quot;\n\t}\n\n\tchain POSTROUTING {\n\t\ttype nat hook postrouting priority srcnat; policy accept;\n\t\tip daddr 127.0.0.11 counter packets 0 bytes 0 jump DOCKER_POSTROUTING\n\t}\n}\n', stderr='# Warning: table ip nat is managed by iptables-nft, do not touch!\n').stdout">def test_per_zone_established_return():
        """Verify each zone has its own independent established,related rule."""
        r = docker_exec(GATEWAY, "nft list ruleset", timeout=10)
        for zone in ["return-management", "return-finance", "return-engineering",
                     "return-users", "return-servers", "return-guest", "return-dmz"]:
&gt;           assert zone in r.stdout, f"Per-zone established return rule missing: {zone}"
E           AssertionError: Per-zone established return rule missing: return-management
E           assert 'return-management' in 'table ip nat {\n\tchain DOCKER_OUTPUT {\n\t\tip daddr 127.0.0.11 tcp dport 53 counter packets 0 bytes 0 xt target "DNAT"\n\t\tip daddr 127.0.0.11 udp dport 53 counter packets 0 bytes 0 xt target "DNAT"\n\t}\n\n\tchain OUTPUT {\n\t\ttype nat hook output priority dstnat; policy accept;\n\t\tip daddr 127.0.0.11 counter packets 0 bytes 0 jump DOCKER_OUTPUT\n\t}\n\n\tchain DOCKER_POSTROUTING {\n\t\tip saddr 127.0.0.11 tcp sport 46641 counter packets 0 bytes 0 xt target "SNAT"\n\t\tip saddr 127.0.0.11 udp sport 39167 counter packets 0 bytes 0 xt target "SNAT"\n\t}\n\n\tchain POSTROUTING {\n\t\ttype nat hook postrouting priority srcnat; policy accept;\n\t\tip daddr 127.0.0.11 counter packets 0 bytes 0 jump DOCKER_POSTROUTING\n\t}\n}\n'
E            +  where 'table ip nat {\n\tchain DOCKER_OUTPUT {\n\t\tip daddr 127.0.0.11 tcp dport 53 counter packets 0 bytes 0 xt target "DNAT"\n\t\tip daddr 127.0.0.11 udp dport 53 counter packets 0 bytes 0 xt target "DNAT"\n\t}\n\n\tchain OUTPUT {\n\t\ttype nat hook output priority dstnat; policy accept;\n\t\tip daddr 127.0.0.11 counter packets 0 bytes 0 jump DOCKER_OUTPUT\n\t}\n\n\tchain DOCKER_POSTROUTING {\n\t\tip saddr 127.0.0.11 tcp sport 46641 counter packets 0 bytes 0 xt target "SNAT"\n\t\tip saddr 127.0.0.11 udp sport 39167 counter packets 0 bytes 0 xt target "SNAT"\n\t}\n\n\tchain POSTROUTING {\n\t\ttype nat hook postrouting priority srcnat; policy accept;\n\t\tip daddr 127.0.0.11 counter packets 0 bytes 0 jump DOCKER_POSTROUTING\n\t}\n}\n' = CompletedProcess(args=['docker', 'exec', 'clab-soc-a3-d81-gateway', 'sh', '-c', 'nft list ruleset'], returncode=0, stdout='table ip nat {\n\tchain DOCKER_OUTPUT {\n\t\tip daddr 127.0.0.11 tcp dport 53 counter packets 0 bytes 0 xt target "DNAT"\n\t\tip daddr 127.0.0.11 udp dport 53 counter packets 0 bytes 0 xt target "DNAT"\n\t}\n\n\tchain OUTPUT {\n\t\ttype nat hook output priority dstnat; policy accept;\n\t\tip daddr 127.0.0.11 counter packets 0 bytes 0 jump DOCKER_OUTPUT\n\t}\n\n\tchain DOCKER_POSTROUTING {\n\t\tip saddr 127.0.0.11 tcp sport 46641 counter packets 0 bytes 0 xt target "SNAT"\n\t\tip saddr 127.0.0.11 udp sport 39167 counter packets 0 bytes 0 xt target "SNAT"\n\t}\n\n\tchain POSTROUTING {\n\t\ttype nat hook postrouting priority srcnat; policy accept;\n\t\tip daddr 127.0.0.11 counter packets 0 bytes 0 jump DOCKER_POSTROUTING\n\t}\n}\n', stderr='# Warning: table ip nat is managed by iptables-nft, do not touch!\n').stdout

tests/test_firewall_counters.py:52: AssertionError</failure></testcase><testcase classname="tests.test_firewall_counters" name="test_no_broad_allow_rule" time="0.116"><failure message="AssertionError: Final forward rule is not a deny — possible broad allow&#10;assert False&#10; +  where False = any(&lt;generator object test_no_broad_allow_rule.&lt;locals&gt;.&lt;genexpr&gt; at 0x7dfde7a77d30&gt;)">def test_no_broad_allow_rule():
        """Verify no broad 'accept all' rule exists in the forward chain."""
        r = docker_exec(GATEWAY, "nft list ruleset", timeout=10)
        # A broad allow would be something like "counter accept" with no
        # conditions before the final deny. We check that the final rule
        # is always a drop.
        lines = r.stdout.split("\n")
        forward_rules = []
        in_forward = False
        for line in lines:
            if "chain forward" in line:
                in_forward = True
            elif in_forward and line.strip() == "}":
                in_forward = False
            elif in_forward:
                forward_rules.append(line.strip())
        # The last substantive rule should be the deny
&gt;       assert any("NF_SEGMENT_DENY" in r for r in forward_rules), \
            "Final forward rule is not a deny — possible broad allow"
E       AssertionError: Final forward rule is not a deny — possible broad allow
E       assert False
E        +  where False = any(&lt;generator object test_no_broad_allow_rule.&lt;locals&gt;.&lt;genexpr&gt; at 0x7dfde7a77d30&gt;)

tests/test_firewall_counters.py:71: AssertionError</failure></testcase><testcase classname="tests.test_firewall_counters" name="test_tc_mirror_interfaces" time="0.075"><failure message="AssertionError: tc clsact not on eth2 (management)&#10;assert 'clsact' in ''&#10; +  where '' = CompletedProcess(args=['docker', 'exec', 'clab-soc-a3-d81-gateway', 'sh', '-c', 'tc qdisc show dev eth2'], returncode=1, stdout='', stderr='Cannot find device &quot;eth2&quot;\n').stdout">def test_tc_mirror_interfaces():
        """Verify tc mirred is active on all zone interfaces (sensor SPAN)."""
        r = docker_exec(GATEWAY, "tc qdisc show dev eth2", timeout=5)
&gt;       assert "clsact" in r.stdout, "tc clsact not on eth2 (management)"
E       AssertionError: tc clsact not on eth2 (management)
E       assert 'clsact' in ''
E        +  where '' = CompletedProcess(args=['docker', 'exec', 'clab-soc-a3-d81-gateway', 'sh', '-c', 'tc qdisc show dev eth2'], returncode=1, stdout='', stderr='Cannot find device "eth2"\n').stdout

tests/test_firewall_counters.py:77: AssertionError</failure></testcase><testcase classname="tests.test_network_policy.TestGuestInternet" name="test_NET_01_guest_dns_udp" time="13.450"><failure message="AssertionError: assert False&#10; +  where False = udp_send('clab-soc-a3-d81-guest', '203.0.113.2', 53, payload='guest-dns-test')">self = &lt;test_network_policy.TestGuestInternet object at 0x7dfde7a9d590&gt;

    def test_NET_01_guest_dns_udp(self):
        """NET-01: guest can resolve DNS via internet uplink (UDP/53)."""
&gt;       assert udp_send(GST, IP["internet"], 53, payload="guest-dns-test")
E       AssertionError: assert False
E        +  where False = udp_send('clab-soc-a3-d81-guest', '203.0.113.2', 53, payload='guest-dns-test')

tests/test_network_policy.py:185: AssertionError</failure></testcase><testcase classname="tests.test_network_policy.TestGuestInternet" name="test_NET_01_guest_https" time="5.085"><failure message="AssertionError: assert False&#10; +  where False = tcp_connect('clab-soc-a3-d81-guest', '203.0.113.2', 443)">self = &lt;test_network_policy.TestGuestInternet object at 0x7dfde7a9d950&gt;

    def test_NET_01_guest_https(self):
        """NET-01: guest can reach internet HTTPS (TCP/443)."""
&gt;       assert tcp_connect(GST, IP["internet"], 443)
E       AssertionError: assert False
E        +  where False = tcp_connect('clab-soc-a3-d81-guest', '203.0.113.2', 443)

tests/test_network_policy.py:189: AssertionError</failure></testcase><testcase classname="tests.test_network_policy.TestGuestDeny" name="test_NET_02_guest_to_servers_denied" time="3.086" /><testcase classname="tests.test_network_policy.TestGuestDeny" name="test_extra_guest_to_finance_denied" time="3.080" /><testcase classname="tests.test_network_policy.TestGuestDeny" name="test_NET_03_users_to_finance_payroll_db_denied" time="3.071" /><testcase classname="tests.test_network_policy.TestGuestDeny" name="test_extra_guest_to_engineering_denied" time="3.164" /><testcase classname="tests.test_network_policy.TestFinanceToServers" name="test_NET_04_finance_to_payroll_app" time="5.085"><failure message="AssertionError: assert False&#10; +  where False = tcp_connect('clab-soc-a3-d81-finance', '10.81.50.10', 8443)">self = &lt;test_network_policy.TestFinanceToServers object at 0x7dfde7a9df90&gt;

    def test_NET_04_finance_to_payroll_app(self):
        """NET-04: finance can reach payroll app on servers (TCP/8443)."""
&gt;       assert tcp_connect(FIN, IP["servers"], 8443)
E       AssertionError: assert False
E        +  where False = tcp_connect('clab-soc-a3-d81-finance', '10.81.50.10', 8443)

tests/test_network_policy.py:228: AssertionError</failure></testcase><testcase classname="tests.test_network_policy.TestEngineeringToServers" name="test_NET_05_engineering_to_code_service" time="5.073"><failure message="AssertionError: assert False&#10; +  where False = tcp_connect('clab-soc-a3-d81-engineering', '10.81.50.10', 9418)">self = &lt;test_network_policy.TestEngineeringToServers object at 0x7dfde7a9e0d0&gt;

    def test_NET_05_engineering_to_code_service(self):
        """NET-05: engineering can reach code service on servers (TCP/9418)."""
&gt;       assert tcp_connect(ENG, IP["servers"], 9418)
E       AssertionError: assert False
E        +  where False = tcp_connect('clab-soc-a3-d81-engineering', '10.81.50.10', 9418)

tests/test_network_policy.py:237: AssertionError</failure></testcase><testcase classname="tests.test_network_policy.TestEngineeringToServers" name="test_NET_06_engineering_to_payroll_db_denied" time="3.085" /><testcase classname="tests.test_network_policy.TestManagementAdmin" name="test_NET_07_mgmt_to_gateway_ssh" time="5.092"><failure message="AssertionError: assert False&#10; +  where False = tcp_connect('clab-soc-a3-d81-management', '10.81.254.2', 22)">self = &lt;test_network_policy.TestManagementAdmin object at 0x7dfde7a9e350&gt;

    def test_NET_07_mgmt_to_gateway_ssh(self):
        """NET-07: management can SSH into the gateway (TCP/22)."""
&gt;       assert tcp_connect(MGMT, IP["gateway"], 22)
E       AssertionError: assert False
E        +  where False = tcp_connect('clab-soc-a3-d81-management', '10.81.254.2', 22)

tests/test_network_policy.py:255: AssertionError</failure></testcase><testcase classname="tests.test_network_policy.TestManagementAdmin" name="test_NET_08_users_to_gateway_ssh_denied" time="3.073" /><testcase classname="tests.test_network_policy.TestManagementAdmin" name="test_extra_finance_to_gateway_ssh_denied" time="3.097" /><testcase classname="tests.test_network_policy.TestInternetToDMZ" name="test_NET_09_internet_to_dmz_web" time="5.095"><failure message="AssertionError: assert False&#10; +  where False = tcp_connect('clab-soc-a3-d81-internet', '10.81.60.10', 443)">self = &lt;test_network_policy.TestInternetToDMZ object at 0x7dfde7a9e5d0&gt;

    def test_NET_09_internet_to_dmz_web(self):
        """NET-09: internet can reach DMZ web on TCP/443."""
&gt;       assert tcp_connect(INET, IP["dmz"], 443)
E       AssertionError: assert False
E        +  where False = tcp_connect('clab-soc-a3-d81-internet', '10.81.60.10', 443)

tests/test_network_policy.py:279: AssertionError</failure></testcase><testcase classname="tests.test_network_policy.TestInternetToDMZ" name="test_NET_10_internet_to_servers_denied" time="3.089" /><testcase classname="tests.test_network_policy.TestDMZToServers" name="test_NET_11_dmz_to_servers_relay" time="5.088"><failure message="AssertionError: assert False&#10; +  where False = tcp_connect('clab-soc-a3-d81-dmz', '10.81.50.10', 5432)">self = &lt;test_network_policy.TestDMZToServers object at 0x7dfde7a9e850&gt;

    def test_NET_11_dmz_to_servers_relay(self):
        """NET-11: DMZ can reach servers on assigned relay port (TCP/5432)."""
&gt;       assert tcp_connect(DMZ, IP["servers"], 5432)
E       AssertionError: assert False
E        +  where False = tcp_connect('clab-soc-a3-d81-dmz', '10.81.50.10', 5432)

tests/test_network_policy.py:297: AssertionError</failure></testcase><testcase classname="tests.test_network_policy.TestDMZToServers" name="test_NET_12_dmz_to_management_denied" time="3.069" /><testcase classname="tests.test_network_policy.TestDMZToServers" name="test_extra_dmz_to_servers_nonassigned_denied" time="3.090" /><testcase classname="tests.test_network_policy.TestUsersToInternet" name="test_NET_13_users_dns_udp" time="10.133"><failure message="AssertionError: assert False&#10; +  where False = udp_send('clab-soc-a3-d81-users', '203.0.113.2', 53, payload='users-dns-test')">self = &lt;test_network_policy.TestUsersToInternet object at 0x7dfde7a9ead0&gt;

    def test_NET_13_users_dns_udp(self):
        """NET-13: users can resolve DNS via internet (UDP/53)."""
&gt;       assert udp_send(USR, IP["internet"], 53, payload="users-dns-test")
E       AssertionError: assert False
E        +  where False = udp_send('clab-soc-a3-d81-users', '203.0.113.2', 53, payload='users-dns-test')

tests/test_network_policy.py:322: AssertionError</failure></testcase><testcase classname="tests.test_network_policy.TestUsersToInternet" name="test_NET_14_users_http_denied" time="3.095" /><testcase classname="tests.test_network_policy.TestUsersToInternet" name="test_NET_15_users_https" time="5.117"><failure message="AssertionError: assert False&#10; +  where False = tcp_connect('clab-soc-a3-d81-users', '203.0.113.2', 443)">self = &lt;test_network_policy.TestUsersToInternet object at 0x7dfde7a962c0&gt;

    def test_NET_15_users_https(self):
        """NET-15: users can reach internet HTTPS (TCP/443)."""
&gt;       assert tcp_connect(USR, IP["internet"], 443)
E       AssertionError: assert False
E        +  where False = tcp_connect('clab-soc-a3-d81-users', '203.0.113.2', 443)

tests/test_network_policy.py:339: AssertionError</failure></testcase><testcase classname="tests.test_network_policy.TestFinancePayrollDB" name="test_NET_16_finance_to_payroll_db" time="5.106"><failure message="AssertionError: assert False&#10; +  where False = tcp_connect('clab-soc-a3-d81-finance', '10.81.50.10', 5432)">self = &lt;test_network_policy.TestFinancePayrollDB object at 0x7dfde7a9ed50&gt;

    def test_NET_16_finance_to_payroll_db(self):
        """NET-16: finance can reach payroll DB (TCP/5432)."""
&gt;       assert tcp_connect(FIN, IP["servers"], 5432)
E       AssertionError: assert False
E        +  where False = tcp_connect('clab-soc-a3-d81-finance', '10.81.50.10', 5432)

tests/test_network_policy.py:348: AssertionError</failure></testcase><testcase classname="tests.test_network_policy.TestFinanceInternet" name="test_NET_17_finance_to_engineering_denied" time="3.104" /><testcase classname="tests.test_network_policy.TestFinanceInternet" name="test_extra_finance_to_internet_denied" time="3.089" /><testcase classname="tests.test_network_policy.TestEngineeringInternet" name="test_NET_18_engineering_to_pkg_repo" time="5.105"><failure message="AssertionError: assert False&#10; +  where False = tcp_connect('clab-soc-a3-d81-engineering', '203.0.113.2', 443)">self = &lt;test_network_policy.TestEngineeringInternet object at 0x7dfde7a9f110&gt;

    def test_NET_18_engineering_to_pkg_repo(self):
        """NET-18: engineering can reach package repo (HTTPS/443)."""
&gt;       assert tcp_connect(ENG, IP["internet"], 443)
E       AssertionError: assert False
E        +  where False = tcp_connect('clab-soc-a3-d81-engineering', '203.0.113.2', 443)

tests/test_network_policy.py:375: AssertionError</failure></testcase><testcase time="0.000" /></testsuite></testsuites>