<?xml version="1.0" encoding="utf-8"?><testsuites><testsuite name="pytest" errors="0" failures="0" skipped="0" tests="49" time="117.959" timestamp="2026-08-08T00:00:50.090047+01:00" hostname="kelz"><testcase classname="tests.test_firewall_counters" name="test_nftables_loaded" time="0.096" /><testcase classname="tests.test_firewall_counters" name="test_anti_spoof_rules_present" time="0.085" /><testcase classname="tests.test_firewall_counters" name="test_sensor_isolation_rules_present" time="0.081" /><testcase classname="tests.test_firewall_counters" name="test_per_zone_established_return" time="0.090" /><testcase classname="tests.test_firewall_counters" name="test_no_broad_allow_rule" time="0.078" /><testcase classname="tests.test_firewall_counters" name="test_tc_mirror_interfaces" time="0.153" /><testcase classname="tests.test_network_policy.TestGuestInternet" name="test_NET_01_guest_dns_udp" time="13.441" /><testcase classname="tests.test_network_policy.TestGuestInternet" name="test_NET_01_guest_https" time="0.106" /><testcase classname="tests.test_network_policy.TestGuestDeny" name="test_NET_02_guest_to_servers_denied" time="3.106" /><testcase classname="tests.test_network_policy.TestGuestDeny" name="test_extra_guest_to_finance_denied" time="3.107" /><testcase classname="tests.test_network_policy.TestGuestDeny" name="test_NET_03_users_to_finance_payroll_db_denied" time="3.104" /><testcase classname="tests.test_network_policy.TestGuestDeny" name="test_extra_guest_to_engineering_denied" time="3.153" /><testcase classname="tests.test_network_policy.TestFinanceToServers" name="test_NET_04_finance_to_payroll_app" time="0.099" /><testcase classname="tests.test_network_policy.TestEngineeringToServers" name="test_NET_05_engineering_to_code_service" time="0.100" /><testcase classname="tests.test_network_policy.TestEngineeringToServers" name="test_NET_06_engineering_to_payroll_db_denied" time="3.088" /><testcase classname="tests.test_network_policy.TestManagementAdmin" name="test_NET_07_mgmt_to_gateway_ssh" time="0.087" /><testcase classname="tests.test_network_policy.TestManagementAdmin" name="test_NET_08_users_to_gateway_ssh_denied" time="3.078" /><testcase classname="tests.test_network_policy.TestManagementAdmin" name="test_extra_finance_to_gateway_ssh_denied" time="3.128" /><testcase classname="tests.test_network_policy.TestInternetToDMZ" name="test_NET_09_internet_to_dmz_web" time="0.147" /><testcase classname="tests.test_network_policy.TestInternetToDMZ" name="test_NET_10_internet_to_servers_denied" time="3.104" /><testcase classname="tests.test_network_policy.TestDMZToServers" name="test_NET_11_dmz_to_servers_relay" time="0.129" /><testcase classname="tests.test_network_policy.TestDMZToServers" name="test_NET_12_dmz_to_management_denied" time="3.113" /><testcase classname="tests.test_network_policy.TestDMZToServers" name="test_extra_dmz_to_servers_nonassigned_denied" time="3.132" /><testcase classname="tests.test_network_policy.TestUsersToInternet" name="test_NET_13_users_dns_udp" time="10.122" /><testcase classname="tests.test_network_policy.TestUsersToInternet" name="test_NET_14_users_http_denied" time="3.105" /><testcase classname="tests.test_network_policy.TestUsersToInternet" name="test_NET_15_users_https" time="0.119" /><testcase classname="tests.test_network_policy.TestFinancePayrollDB" name="test_NET_16_finance_to_payroll_db" time="0.099" /><testcase classname="tests.test_network_policy.TestFinanceInternet" name="test_NET_17_finance_to_engineering_denied" time="3.083" /><testcase classname="tests.test_network_policy.TestFinanceInternet" name="test_extra_finance_to_internet_denied" time="3.099" /><testcase classname="tests.test_network_policy.TestEngineeringInternet" name="test_NET_18_engineering_to_pkg_repo" time="0.111" /><testcase classname="tests.test_network_policy.TestEngineeringInternet" name="test_NET_19_engineering_ssh_denied" time="3.085" /><testcase classname="tests.test_network_policy.TestServersInternet" name="test_NET_20_servers_software_update" time="0.113" /><testcase classname="tests.test_network_policy.TestServersDeny" name="test_NET_21_servers_to_users_denied" time="3.078" /><testcase classname="tests.test_network_policy.TestServersDeny" name="test_extra_servers_to_finance_denied" time="3.130" /><testcase classname="tests.test_network_policy.TestManagementToZones" name="test_NET_22_mgmt_to_finance_admin" time="0.352" /><testcase classname="tests.test_network_policy.TestManagementToZones" name="test_NET_23_mgmt_to_guest_denied" time="2.297" /><testcase classname="tests.test_network_policy.TestDMZDeny" name="test_NET_24_dmz_to_servers_5433_denied" time="3.138" /><testcase classname="tests.test_network_policy.TestDMZDeny" name="test_NET_25_dmz_to_internet_denied" time="3.167" /><testcase classname="tests.test_network_policy.TestInternetDeny" name="test_NET_26_internet_to_dmz_http_denied" time="3.129" /><testcase classname="tests.test_network_policy.TestInternetDeny" name="test_NET_27_internet_to_dmz_ssh_denied" time="3.129" /><testcase classname="tests.test_network_policy.TestSpoofing" name="test_NET_28_spoofed_source_denied" time="2.588" /><testcase classname="tests.test_network_policy.TestStatefulReturn" name="test_NET_29_users_ntp_return_path" time="10.148" /><testcase classname="tests.test_network_policy.TestSensorIsolation" name="test_NET_30_sensor_to_finance_denied" time="3.129" /><testcase classname="tests.test_network_policy.TestSensorIsolation" name="test_NET_30_sensor_to_servers_denied" time="3.141" /><testcase classname="tests.test_network_policy.TestSensorIsolation" name="test_NET_30_sensor_to_dmz_denied" time="3.130" /><testcase classname="tests.test_telemetry" name="test_sensor_promiscuous" time="0.112" /><testcase classname="tests.test_telemetry" name="test_sensor_has_eve_log" time="2.091" /><testcase classname="tests.test_telemetry" name="test_sensor_receives_mirrored_traffic" time="3.219" /><testcase classname="tests.test_telemetry" name="test_detections_loaded" time="0.158" /></testsuite></testsuites>